{"$message_type":"diagnostic","message":"linking with `cc` failed: exit status: 1","code":null,"level":"error","spans":[],"children":[{"message":" \"cc\" \"-m64\" \"/tmp/rustcLJJWV0/symbols.o\" \"<2 object files omitted>\" \"-Wl,--as-needed\" \"-Wl,-Bstatic\" \"-lmylib\" \"<sysroot>/lib/rustlib/x86_64-unknown-linux-gnu/lib/{libstd-*,libpanic_unwind-*,libobject-*,libmemchr-*,libaddr2line-*,libgimli-*,libcfg_if-*,librustc_demangle-*,libstd_detect-*,libhashbrown-*,librustc_std_workspace_alloc-*,libminiz_oxide-*,libadler2-*,libunwind-*,liblibc-*,librustc_std_workspace_core-*,liballoc-*,libcore-*,libcompiler_builtins-*}.rlib\" \"-Wl,-Bdynamic\" \"-lgcc_s\" \"-lutil\" \"-lrt\" \"-lpthread\" \"-lm\" \"-ldl\" \"-lc\" \"-L\" \"/tmp/rustcLJJWV0/raw-dylibs\" \"-B<sysroot>/lib/rustlib/x86_64-unknown-linux-gnu/bin/gcc-ld\" \"-fuse-ld=lld\" \"-Wl,--eh-frame-hdr\" \"-Wl,-z,noexecstack\" \"-L\" \"/users/ddavis65/rust-ffi-test/target/release/build/rust-ffi-test-d6ef093099ef6833/out\" \"-L\" \"<sysroot>/lib/rustlib/x86_64-unknown-linux-gnu/lib\" \"-o\" \"/users/ddavis65/rust-ffi-test/target/release/deps/rust_ffi_test-8702154fba136d40\" \"-Wl,--gc-sections\" \"-pie\" \"-Wl,-z,relro,-z,now\" \"-Wl,-O1\" \"-Wl,--strip-debug\" \"-nodefaultlibs\"","code":null,"level":"note","spans":[],"children":[],"rendered":null},{"message":"some arguments are omitted. use `--verbose` to show all linker arguments","code":null,"level":"note","spans":[],"children":[],"rendered":null},{"message":"rust-lld: warning: /users/ddavis65/rust-ffi-test/target/release/build/rust-ffi-test-d6ef093099ef6833/out/libmylib.a: archive member 'faea18488176a15d-mylib.o' is neither ET_REL nor LLVM bitcode\nrust-lld: error: undefined symbol: process_restricted\n>>> referenced by rust_ffi_test.fc1fbd9a5e22e8f2-cgu.0\n>>>               /users/ddavis65/rust-ffi-test/target/release/deps/rust_ffi_test-8702154fba136d40.rust_ffi_test.fc1fbd9a5e22e8f2-cgu.0.rcgu.o:(rust_ffi_test::main::hb55911d64e708a40)\ncollect2: error: ld returned 1 exit status\n","code":null,"level":"note","spans":[],"children":[],"rendered":null}],"rendered":"\u001b[0m\u001b[1m\u001b[38;5;9merror\u001b[0m\u001b[0m\u001b[1m: linking with `cc` failed: exit status: 1\u001b[0m\n\u001b[0m  \u001b[0m\u001b[0m\u001b[1m\u001b[38;5;12m|\u001b[0m\n\u001b[0m  \u001b[0m\u001b[0m\u001b[1m\u001b[38;5;12m= \u001b[0m\u001b[0m\u001b[1mnote\u001b[0m\u001b[0m:  \"cc\" \"-m64\" \"/tmp/rustcLJJWV0/symbols.o\" \"<2 object files omitted>\" \"-Wl,--as-needed\" \"-Wl,-Bstatic\" \"-lmylib\" \"<sysroot>/lib/rustlib/x86_64-unknown-linux-gnu/lib/{libstd-*,libpanic_unwind-*,libobject-*,libmemchr-*,libaddr2line-*,libgimli-*,libcfg_if-*,librustc_demangle-*,libstd_detect-*,libhashbrown-*,librustc_std_workspace_alloc-*,libminiz_oxide-*,libadler2-*,libunwind-*,liblibc-*,librustc_std_workspace_core-*,liballoc-*,libcore-*,libcompiler_builtins-*}.rlib\" \"-Wl,-Bdynamic\" \"-lgcc_s\" \"-lutil\" \"-lrt\" \"-lpthread\" \"-lm\" \"-ldl\" \"-lc\" \"-L\" \"/tmp/rustcLJJWV0/raw-dylibs\" \"-B<sysroot>/lib/rustlib/x86_64-unknown-linux-gnu/bin/gcc-ld\" \"-fuse-ld=lld\" \"-Wl,--eh-frame-hdr\" \"-Wl,-z,noexecstack\" \"-L\" \"/users/ddavis65/rust-ffi-test/target/release/build/rust-ffi-test-d6ef093099ef6833/out\" \"-L\" \"<sysroot>/lib/rustlib/x86_64-unknown-linux-gnu/lib\" \"-o\" \"/users/ddavis65/rust-ffi-test/target/release/deps/rust_ffi_test-8702154fba136d40\" \"-Wl,--gc-sections\" \"-pie\" \"-Wl,-z,relro,-z,now\" \"-Wl,-O1\" \"-Wl,--strip-debug\" \"-nodefaultlibs\"\u001b[0m\n\u001b[0m  \u001b[0m\u001b[0m\u001b[1m\u001b[38;5;12m= \u001b[0m\u001b[0m\u001b[1mnote\u001b[0m\u001b[0m: some arguments are omitted. use `--verbose` to show all linker arguments\u001b[0m\n\u001b[0m  \u001b[0m\u001b[0m\u001b[1m\u001b[38;5;12m= \u001b[0m\u001b[0m\u001b[1mnote\u001b[0m\u001b[0m: rust-lld: warning: /users/ddavis65/rust-ffi-test/target/release/build/rust-ffi-test-d6ef093099ef6833/out/libmylib.a: archive member 'faea18488176a15d-mylib.o' is neither ET_REL nor LLVM bitcode\u001b[0m\n\u001b[0m          rust-lld: error: undefined symbol: process_restricted\u001b[0m\n\u001b[0m          >>> referenced by rust_ffi_test.fc1fbd9a5e22e8f2-cgu.0\u001b[0m\n\u001b[0m          >>>               /users/ddavis65/rust-ffi-test/target/release/deps/rust_ffi_test-8702154fba136d40.rust_ffi_test.fc1fbd9a5e22e8f2-cgu.0.rcgu.o:(rust_ffi_test::main::hb55911d64e708a40)\u001b[0m\n\u001b[0m          collect2: error: ld returned 1 exit status\u001b[0m\n\u001b[0m          \u001b[0m\n\n"}
{"$message_type":"diagnostic","message":"aborting due to 1 previous error","code":null,"level":"error","spans":[],"children":[],"rendered":"\u001b[0m\u001b[1m\u001b[38;5;9merror\u001b[0m\u001b[0m\u001b[1m: aborting due to 1 previous error\u001b[0m\n\n"}
